<?xml version="1.0" encoding="UTF-8"?>
<!-- Generated by org.testng.reporters.JUnitXMLReporter -->
<testsuite hostname="JayU31" name="Test" tests="5" failures="0" timestamp="10 May 2018 17:15:49 GMT" time="186.835" errors="0">
  <testcase name="basePageNavigation" time="0.013" classname="amazon.Navigation"/>
  <testcase name="basePageNavigation" time="25.491" classname="amazon.SearchValidate"/>
  <testcase name="basePageNavigation" time="36.899" classname="amazon.HomePage"/>
  <testcase name="basePageNavigation" time="17.017" classname="amazon.HomePage"/>
  <testcase name="basePageNavigation" time="0.002" classname="amazon.ValidateTitle"/>
</testsuite> <!-- Test -->
