<?xml version="1.0" encoding="UTF-8"?>
<testng-results skipped="0" failed="0" total="1" passed="1">
  <reporter-output>
  </reporter-output>
  <suite name="Default suite" duration-ms="19487" started-at="2018-05-16T23:37:36Z" finished-at="2018-05-16T23:37:55Z">
    <groups>
    </groups>
    <test name="Default test" duration-ms="19487" started-at="2018-05-16T23:37:36Z" finished-at="2018-05-16T23:37:55Z">
      <class name="amazon.ValidateTitle">
        <test-method status="PASS" signature="initialize()[pri:0, instance:amazon.ValidateTitle@5ae50ce6]" name="initialize" is-config="true" duration-ms="19057" started-at="2018-05-16T16:37:36Z" finished-at="2018-05-16T16:37:55Z">
          <reporter-output>
          </reporter-output>
        </test-method> <!-- initialize -->
        <test-method status="PASS" signature="basePageNavigation()[pri:0, instance:amazon.ValidateTitle@5ae50ce6]" name="basePageNavigation" duration-ms="141" started-at="2018-05-16T16:37:55Z" finished-at="2018-05-16T16:37:55Z">
          <reporter-output>
          </reporter-output>
        </test-method> <!-- basePageNavigation -->
        <test-method status="PASS" signature="tearDown()[pri:0, instance:amazon.ValidateTitle@5ae50ce6]" name="tearDown" is-config="true" duration-ms="271" started-at="2018-05-16T16:37:55Z" finished-at="2018-05-16T16:37:55Z">
          <reporter-output>
          </reporter-output>
        </test-method> <!-- tearDown -->
      </class> <!-- amazon.ValidateTitle -->
    </test> <!-- Default test -->
  </suite> <!-- Default suite -->
</testng-results>
